<?xml version="1.0" encoding="UTF-8"?>
<!-- Generated by org.testng.reporters.JUnitReportReporter -->
<testsuite skipped="0" hostname="DLDA1809" name="com.qa.project.cucu.TatocCucumber.AppTest" tests="2" failures="0" timestamp="22 Feb 2018 11:45:03 GMT" time="4.631" errors="0">
  <testcase name="urlInitiation" time="4.470" classname="com.qa.project.cucu.TatocCucumber.AppTest"/>
  <testcase name="courseSelect" time="0.161" classname="com.qa.project.cucu.TatocCucumber.AppTest"/>
</testsuite> <!-- com.qa.project.cucu.TatocCucumber.AppTest -->
